<?xml version="1.0" encoding="utf-8"?><testsuites name="pytest tests"><testsuite name="pytest" errors="0" failures="0" skipped="0" tests="21" time="0.949" timestamp="2026-03-13T15:30:53.170361+00:00" hostname="agent-env-653c1aa8-3dbb-4b9a-acf9-4256c644f3b4"><testcase classname="backend.tests.test_stagepass_iteration8.TestBackendAPIs" name="test_download_endpoint_returns_200" time="0.470" /><testcase classname="backend.tests.test_stagepass_iteration8.TestBackendAPIs" name="test_preview_portal_health" time="0.125" /><testcase classname="backend.tests.test_stagepass_iteration8.TestBackendAPIs" name="test_mock_feed_api" time="0.182" /><testcase classname="backend.tests.test_stagepass_iteration8.TestHealthCheckAPI" name="test_health_route_exists" time="0.000" /><testcase classname="backend.tests.test_stagepass_iteration8.TestAdminSDKInit" name="test_admin_sdk_logging" time="0.000" /><testcase classname="backend.tests.test_stagepass_iteration8.TestMobileResponsiveSidebar" name="test_sidebar_mobile_topbar" time="0.000" /><testcase classname="backend.tests.test_stagepass_iteration8.TestMobileResponsiveSidebar" name="test_sidebar_data_testids" time="0.000" /><testcase classname="backend.tests.test_stagepass_iteration8.TestResponsiveLayout" name="test_layout_responsive_margin" time="0.000" /><testcase classname="backend.tests.test_stagepass_iteration8.TestResponsiveLayout" name="test_layout_mobile_padding" time="0.000" /><testcase classname="backend.tests.test_stagepass_iteration8.TestDriveImportThumbnails" name="test_import_drive_fetches_thumbnail" time="0.000" /><testcase classname="backend.tests.test_stagepass_iteration8.TestDriveImportThumbnails" name="test_import_drive_stores_preview_url" time="0.000" /><testcase classname="backend.tests.test_stagepass_iteration8.TestContentFeedAPI" name="test_feed_includes_drive_preview" time="0.000" /><testcase classname="backend.tests.test_stagepass_iteration8.TestContentFeedAPI" name="test_feed_includes_mood" time="0.000" /><testcase classname="backend.tests.test_stagepass_iteration8.TestContentItemType" name="test_content_item_has_drive_preview" time="0.000" /><testcase classname="backend.tests.test_stagepass_iteration8.TestContentItemType" name="test_content_item_has_mood" time="0.000" /><testcase classname="backend.tests.test_stagepass_iteration8.TestDeployScript" name="test_deploy_grants_both_sa_permissions" time="0.000" /><testcase classname="backend.tests.test_stagepass_iteration8.TestDeployScript" name="test_deploy_has_firebase_admin_role" time="0.000" /><testcase classname="backend.tests.test_stagepass_iteration8.TestDeployScript" name="test_deploy_has_health_check" time="0.000" /><testcase classname="backend.tests.test_stagepass_iteration8.TestRadioPageResponsive" name="test_radio_heading_responsive" time="0.000" /><testcase classname="backend.tests.test_stagepass_iteration8.TestRadioPageResponsive" name="test_radio_buttons_responsive" time="0.000" /><testcase classname="backend.tests.test_stagepass_iteration8.TestRadioPageResponsive" name="test_radio_has_data_testids" time="0.000" /></testsuite></testsuites>