<?xml version="1.0" encoding="utf-8"?><testsuites name="pytest tests"><testsuite name="pytest" errors="0" failures="0" skipped="0" tests="40" time="3.589" timestamp="2026-03-13T14:30:26.361238+00:00" hostname="agent-env-653c1aa8-3dbb-4b9a-acf9-4256c644f3b4"><testcase classname="backend.tests.test_stagepass_api.TestHealthAndRoot" name="test_api_endpoints_accessible" time="0.147" /><testcase classname="backend.tests.test_stagepass_api.TestDownloadEndpoint" name="test_download_zip_returns_200" time="0.116" /><testcase classname="backend.tests.test_stagepass_api.TestDownloadEndpoint" name="test_download_zip_content_type" time="0.121" /><testcase classname="backend.tests.test_stagepass_api.TestDownloadEndpoint" name="test_download_zip_has_content" time="0.250" /><testcase classname="backend.tests.test_stagepass_api.TestFeedEndpoint" name="test_feed_returns_200" time="0.158" /><testcase classname="backend.tests.test_stagepass_api.TestFeedEndpoint" name="test_feed_returns_3_items" time="0.113" /><testcase classname="backend.tests.test_stagepass_api.TestFeedEndpoint" name="test_feed_item_structure" time="0.120" /><testcase classname="backend.tests.test_stagepass_api.TestFeedEndpoint" name="test_feed_content_values" time="0.121" /><testcase classname="backend.tests.test_stagepass_api.TestAuthEndpoint" name="test_login_valid_credentials" time="0.148" /><testcase classname="backend.tests.test_stagepass_api.TestAuthEndpoint" name="test_login_invalid_credentials" time="0.118" /><testcase classname="backend.tests.test_stagepass_api.TestAuthEndpoint" name="test_login_missing_fields" time="0.114" /><testcase classname="backend.tests.test_stagepass_api.TestChatEndpoint" name="test_chat_responds_to_message" time="1.845" /><testcase classname="backend.tests.test_stagepass_api.TestChatEndpoint" name="test_chat_missing_message" time="0.103" /><testcase classname="backend.tests.test_stagepass_iteration7_zip.TestLiveChatAPI" name="test_live_chat_route_exists" time="0.051" /><testcase classname="backend.tests.test_stagepass_iteration7_zip.TestLiveChatAPI" name="test_live_chat_has_get_handler" time="0.000" /><testcase classname="backend.tests.test_stagepass_iteration7_zip.TestLiveChatAPI" name="test_live_chat_has_post_handler" time="0.000" /><testcase classname="backend.tests.test_stagepass_iteration7_zip.TestLiveChatComponent" name="test_livechat_uses_api_polling" time="0.000" /><testcase classname="backend.tests.test_stagepass_iteration7_zip.TestLiveChatComponent" name="test_livechat_has_polling_interval" time="0.000" /><testcase classname="backend.tests.test_stagepass_iteration7_zip.TestLiveChatComponent" name="test_livechat_no_subscribechat" time="0.000" /><testcase classname="backend.tests.test_stagepass_iteration7_zip.TestButlerResolveRoute" name="test_butler_route_exists" time="0.000" /><testcase classname="backend.tests.test_stagepass_iteration7_zip.TestButlerResolveRoute" name="test_butler_has_api_key_strategy" time="0.000" /><testcase classname="backend.tests.test_stagepass_iteration7_zip.TestButlerResolveRoute" name="test_butler_has_adc_strategy" time="0.000" /><testcase classname="backend.tests.test_stagepass_iteration7_zip.TestButlerResolveRoute" name="test_butler_has_fallback_response" time="0.000" /><testcase classname="backend.tests.test_stagepass_iteration7_zip.TestButlerResolveRoute" name="test_butler_fallback_keywords" time="0.000" /><testcase classname="backend.tests.test_stagepass_iteration7_zip.TestGenerateStreamRoute" name="test_generate_stream_route_exists" time="0.000" /><testcase classname="backend.tests.test_stagepass_iteration7_zip.TestGenerateStreamRoute" name="test_generate_stream_calls_worker" time="0.000" /><testcase classname="backend.tests.test_stagepass_iteration7_zip.TestGenerateStreamRoute" name="test_generate_stream_has_pubsub_fallback" time="0.000" /><testcase classname="backend.tests.test_stagepass_iteration7_zip.TestGenerateStreamRoute" name="test_generate_stream_has_firestore_fallback" time="0.000" /><testcase classname="backend.tests.test_stagepass_iteration7_zip.TestDJHandoffAPI" name="test_dj_handoff_route_exists" time="0.000" /><testcase classname="backend.tests.test_stagepass_iteration7_zip.TestDJHandoffAPI" name="test_dj_handoff_has_get" time="0.000" /><testcase classname="backend.tests.test_stagepass_iteration7_zip.TestDJHandoffAPI" name="test_dj_handoff_has_post" time="0.000" /><testcase classname="backend.tests.test_stagepass_iteration7_zip.TestStationNowRoute" name="test_station_now_route_exists" time="0.000" /><testcase classname="backend.tests.test_stagepass_iteration7_zip.TestStationNowRoute" name="test_station_now_handles_live_dj" time="0.000" /><testcase classname="backend.tests.test_stagepass_iteration7_zip.TestAdminStatsAPI" name="test_admin_stats_route_exists" time="0.000" /><testcase classname="backend.tests.test_stagepass_iteration7_zip.TestAdminStatsAPI" name="test_admin_stats_uses_firebase_admin" time="0.000" /><testcase classname="backend.tests.test_stagepass_iteration7_zip.TestAdminStatsAPI" name="test_admin_page_uses_api" time="0.000" /><testcase classname="backend.tests.test_stagepass_iteration7_zip.TestDeployScript" name="test_deploy_script_exists" time="0.000" /><testcase classname="backend.tests.test_stagepass_iteration7_zip.TestDeployScript" name="test_deploy_enables_aiplatform_api" time="0.000" /><testcase classname="backend.tests.test_stagepass_iteration7_zip.TestDeployScript" name="test_deploy_has_run_invoker_role" time="0.000" /><testcase classname="backend.tests.test_stagepass_iteration7_zip.TestDeployScript" name="test_deploy_sets_worker_service_url" time="0.000" /></testsuite></testsuites>