<?xml version="1.0" encoding="utf-8"?><testsuites name="pytest tests"><testsuite name="pytest" errors="0" failures="0" skipped="0" tests="13" time="3.444" timestamp="2026-03-13T14:10:37.111537+00:00" hostname="agent-env-653c1aa8-3dbb-4b9a-acf9-4256c644f3b4"><testcase classname="backend.tests.test_stagepass_api.TestHealthAndRoot" name="test_api_endpoints_accessible" time="0.174" /><testcase classname="backend.tests.test_stagepass_api.TestDownloadEndpoint" name="test_download_zip_returns_200" time="0.099" /><testcase classname="backend.tests.test_stagepass_api.TestDownloadEndpoint" name="test_download_zip_content_type" time="0.114" /><testcase classname="backend.tests.test_stagepass_api.TestDownloadEndpoint" name="test_download_zip_has_content" time="0.184" /><testcase classname="backend.tests.test_stagepass_api.TestFeedEndpoint" name="test_feed_returns_200" time="0.141" /><testcase classname="backend.tests.test_stagepass_api.TestFeedEndpoint" name="test_feed_returns_3_items" time="0.177" /><testcase classname="backend.tests.test_stagepass_api.TestFeedEndpoint" name="test_feed_item_structure" time="0.116" /><testcase classname="backend.tests.test_stagepass_api.TestFeedEndpoint" name="test_feed_content_values" time="0.117" /><testcase classname="backend.tests.test_stagepass_api.TestAuthEndpoint" name="test_login_valid_credentials" time="0.109" /><testcase classname="backend.tests.test_stagepass_api.TestAuthEndpoint" name="test_login_invalid_credentials" time="0.117" /><testcase classname="backend.tests.test_stagepass_api.TestAuthEndpoint" name="test_login_missing_fields" time="0.144" /><testcase classname="backend.tests.test_stagepass_api.TestChatEndpoint" name="test_chat_responds_to_message" time="1.692" /><testcase classname="backend.tests.test_stagepass_api.TestChatEndpoint" name="test_chat_missing_message" time="0.162" /></testsuite></testsuites>